Determining if the pthread_create exist failed with the following output:
Change Dir: /home/neha/Documents/repo/temp/tf_opencv_example/build/CMakeFiles/CMakeTmp

Run Build Command:"/usr/bin/make" "cmTC_02f1c/fast"
/usr/bin/make -f CMakeFiles/cmTC_02f1c.dir/build.make CMakeFiles/cmTC_02f1c.dir/build
make[1]: Entering directory '/home/neha/Documents/repo/temp/tf_opencv_example/build/CMakeFiles/CMakeTmp'
Building C object CMakeFiles/cmTC_02f1c.dir/CheckSymbolExists.c.o
/usr/bin/cc    -fPIC    -o CMakeFiles/cmTC_02f1c.dir/CheckSymbolExists.c.o   -c /home/neha/Documents/repo/temp/tf_opencv_example/build/CMakeFiles/CMakeTmp/CheckSymbolExists.c
Linking C executable cmTC_02f1c
/usr/bin/cmake -E cmake_link_script CMakeFiles/cmTC_02f1c.dir/link.txt --verbose=1
/usr/bin/cc  -fPIC     CMakeFiles/cmTC_02f1c.dir/CheckSymbolExists.c.o  -o cmTC_02f1c -rdynamic 
CMakeFiles/cmTC_02f1c.dir/CheckSymbolExists.c.o: In function `main':
CheckSymbolExists.c:(.text+0x1b): undefined reference to `pthread_create'
collect2: error: ld returned 1 exit status
CMakeFiles/cmTC_02f1c.dir/build.make:97: recipe for target 'cmTC_02f1c' failed
make[1]: *** [cmTC_02f1c] Error 1
make[1]: Leaving directory '/home/neha/Documents/repo/temp/tf_opencv_example/build/CMakeFiles/CMakeTmp'
Makefile:126: recipe for target 'cmTC_02f1c/fast' failed
make: *** [cmTC_02f1c/fast] Error 2

File /home/neha/Documents/repo/temp/tf_opencv_example/build/CMakeFiles/CMakeTmp/CheckSymbolExists.c:
/* */
#include <pthread.h>

int main(int argc, char** argv)
{
  (void)argv;
#ifndef pthread_create
  return ((int*)(&pthread_create))[argc];
#else
  (void)argc;
  return 0;
#endif
}

Determining if the function pthread_create exists in the pthreads failed with the following output:
Change Dir: /home/neha/Documents/repo/temp/tf_opencv_example/build/CMakeFiles/CMakeTmp

Run Build Command:"/usr/bin/make" "cmTC_6110d/fast"
/usr/bin/make -f CMakeFiles/cmTC_6110d.dir/build.make CMakeFiles/cmTC_6110d.dir/build
make[1]: Entering directory '/home/neha/Documents/repo/temp/tf_opencv_example/build/CMakeFiles/CMakeTmp'
Building C object CMakeFiles/cmTC_6110d.dir/CheckFunctionExists.c.o
/usr/bin/cc    -fPIC -DCHECK_FUNCTION_EXISTS=pthread_create   -o CMakeFiles/cmTC_6110d.dir/CheckFunctionExists.c.o   -c /usr/share/cmake-3.5/Modules/CheckFunctionExists.c
Linking C executable cmTC_6110d
/usr/bin/cmake -E cmake_link_script CMakeFiles/cmTC_6110d.dir/link.txt --verbose=1
/usr/bin/cc  -fPIC -DCHECK_FUNCTION_EXISTS=pthread_create    CMakeFiles/cmTC_6110d.dir/CheckFunctionExists.c.o  -o cmTC_6110d -rdynamic -lpthreads 
/usr/bin/ld: cannot find -lpthreads
collect2: error: ld returned 1 exit status
CMakeFiles/cmTC_6110d.dir/build.make:97: recipe for target 'cmTC_6110d' failed
make[1]: *** [cmTC_6110d] Error 1
make[1]: Leaving directory '/home/neha/Documents/repo/temp/tf_opencv_example/build/CMakeFiles/CMakeTmp'
Makefile:126: recipe for target 'cmTC_6110d/fast' failed
make: *** [cmTC_6110d/fast] Error 2


