Determining if the pthread_create exist failed with the following output:
Change Dir: /home/neha/Documents/repo/tmp/opencv_change_and_save_depth/build/CMakeFiles/CMakeTmp

Run Build Command:"/usr/bin/make" "cmTC_a8ade/fast"
/usr/bin/make -f CMakeFiles/cmTC_a8ade.dir/build.make CMakeFiles/cmTC_a8ade.dir/build
make[1]: Entering directory '/home/neha/Documents/repo/tmp/opencv_change_and_save_depth/build/CMakeFiles/CMakeTmp'
Building C object CMakeFiles/cmTC_a8ade.dir/CheckSymbolExists.c.o
/usr/bin/cc    -fPIC    -o CMakeFiles/cmTC_a8ade.dir/CheckSymbolExists.c.o   -c /home/neha/Documents/repo/tmp/opencv_change_and_save_depth/build/CMakeFiles/CMakeTmp/CheckSymbolExists.c
Linking C executable cmTC_a8ade
/usr/bin/cmake -E cmake_link_script CMakeFiles/cmTC_a8ade.dir/link.txt --verbose=1
/usr/bin/cc  -fPIC     CMakeFiles/cmTC_a8ade.dir/CheckSymbolExists.c.o  -o cmTC_a8ade -rdynamic 
CMakeFiles/cmTC_a8ade.dir/CheckSymbolExists.c.o: In function `main':
CheckSymbolExists.c:(.text+0x1b): undefined reference to `pthread_create'
collect2: error: ld returned 1 exit status
CMakeFiles/cmTC_a8ade.dir/build.make:97: recipe for target 'cmTC_a8ade' failed
make[1]: *** [cmTC_a8ade] Error 1
make[1]: Leaving directory '/home/neha/Documents/repo/tmp/opencv_change_and_save_depth/build/CMakeFiles/CMakeTmp'
Makefile:126: recipe for target 'cmTC_a8ade/fast' failed
make: *** [cmTC_a8ade/fast] Error 2

File /home/neha/Documents/repo/tmp/opencv_change_and_save_depth/build/CMakeFiles/CMakeTmp/CheckSymbolExists.c:
/* */
#include <pthread.h>

int main(int argc, char** argv)
{
  (void)argv;
#ifndef pthread_create
  return ((int*)(&pthread_create))[argc];
#else
  (void)argc;
  return 0;
#endif
}

Determining if the function pthread_create exists in the pthreads failed with the following output:
Change Dir: /home/neha/Documents/repo/tmp/opencv_change_and_save_depth/build/CMakeFiles/CMakeTmp

Run Build Command:"/usr/bin/make" "cmTC_a7c14/fast"
/usr/bin/make -f CMakeFiles/cmTC_a7c14.dir/build.make CMakeFiles/cmTC_a7c14.dir/build
make[1]: Entering directory '/home/neha/Documents/repo/tmp/opencv_change_and_save_depth/build/CMakeFiles/CMakeTmp'
Building C object CMakeFiles/cmTC_a7c14.dir/CheckFunctionExists.c.o
/usr/bin/cc    -fPIC -DCHECK_FUNCTION_EXISTS=pthread_create   -o CMakeFiles/cmTC_a7c14.dir/CheckFunctionExists.c.o   -c /usr/share/cmake-3.5/Modules/CheckFunctionExists.c
Linking C executable cmTC_a7c14
/usr/bin/cmake -E cmake_link_script CMakeFiles/cmTC_a7c14.dir/link.txt --verbose=1
/usr/bin/cc  -fPIC -DCHECK_FUNCTION_EXISTS=pthread_create    CMakeFiles/cmTC_a7c14.dir/CheckFunctionExists.c.o  -o cmTC_a7c14 -rdynamic -lpthreads 
/usr/bin/ld: cannot find -lpthreads
collect2: error: ld returned 1 exit status
CMakeFiles/cmTC_a7c14.dir/build.make:97: recipe for target 'cmTC_a7c14' failed
make[1]: *** [cmTC_a7c14] Error 1
make[1]: Leaving directory '/home/neha/Documents/repo/tmp/opencv_change_and_save_depth/build/CMakeFiles/CMakeTmp'
Makefile:126: recipe for target 'cmTC_a7c14/fast' failed
make: *** [cmTC_a7c14/fast] Error 2


Determining if the pthread_create exist failed with the following output:
Change Dir: /home/neha/Documents/repo/temp/opencv_change_and_save_depth/build/CMakeFiles/CMakeTmp

Run Build Command:"/usr/bin/make" "cmTC_058ec/fast"
/usr/bin/make -f CMakeFiles/cmTC_058ec.dir/build.make CMakeFiles/cmTC_058ec.dir/build
make[1]: Entering directory '/home/neha/Documents/repo/temp/opencv_change_and_save_depth/build/CMakeFiles/CMakeTmp'
Building C object CMakeFiles/cmTC_058ec.dir/CheckSymbolExists.c.o
/usr/bin/cc    -fPIC    -o CMakeFiles/cmTC_058ec.dir/CheckSymbolExists.c.o   -c /home/neha/Documents/repo/temp/opencv_change_and_save_depth/build/CMakeFiles/CMakeTmp/CheckSymbolExists.c
Linking C executable cmTC_058ec
/usr/bin/cmake -E cmake_link_script CMakeFiles/cmTC_058ec.dir/link.txt --verbose=1
/usr/bin/cc  -fPIC     CMakeFiles/cmTC_058ec.dir/CheckSymbolExists.c.o  -o cmTC_058ec -rdynamic 
CMakeFiles/cmTC_058ec.dir/CheckSymbolExists.c.o: In function `main':
CheckSymbolExists.c:(.text+0x1b): undefined reference to `pthread_create'
collect2: error: ld returned 1 exit status
CMakeFiles/cmTC_058ec.dir/build.make:97: recipe for target 'cmTC_058ec' failed
make[1]: *** [cmTC_058ec] Error 1
make[1]: Leaving directory '/home/neha/Documents/repo/temp/opencv_change_and_save_depth/build/CMakeFiles/CMakeTmp'
Makefile:126: recipe for target 'cmTC_058ec/fast' failed
make: *** [cmTC_058ec/fast] Error 2

File /home/neha/Documents/repo/temp/opencv_change_and_save_depth/build/CMakeFiles/CMakeTmp/CheckSymbolExists.c:
/* */
#include <pthread.h>

int main(int argc, char** argv)
{
  (void)argv;
#ifndef pthread_create
  return ((int*)(&pthread_create))[argc];
#else
  (void)argc;
  return 0;
#endif
}

Determining if the function pthread_create exists in the pthreads failed with the following output:
Change Dir: /home/neha/Documents/repo/temp/opencv_change_and_save_depth/build/CMakeFiles/CMakeTmp

Run Build Command:"/usr/bin/make" "cmTC_b78dc/fast"
/usr/bin/make -f CMakeFiles/cmTC_b78dc.dir/build.make CMakeFiles/cmTC_b78dc.dir/build
make[1]: Entering directory '/home/neha/Documents/repo/temp/opencv_change_and_save_depth/build/CMakeFiles/CMakeTmp'
Building C object CMakeFiles/cmTC_b78dc.dir/CheckFunctionExists.c.o
/usr/bin/cc    -fPIC -DCHECK_FUNCTION_EXISTS=pthread_create   -o CMakeFiles/cmTC_b78dc.dir/CheckFunctionExists.c.o   -c /usr/share/cmake-3.5/Modules/CheckFunctionExists.c
Linking C executable cmTC_b78dc
/usr/bin/cmake -E cmake_link_script CMakeFiles/cmTC_b78dc.dir/link.txt --verbose=1
/usr/bin/cc  -fPIC -DCHECK_FUNCTION_EXISTS=pthread_create    CMakeFiles/cmTC_b78dc.dir/CheckFunctionExists.c.o  -o cmTC_b78dc -rdynamic -lpthreads 
/usr/bin/ld: cannot find -lpthreads
collect2: error: ld returned 1 exit status
CMakeFiles/cmTC_b78dc.dir/build.make:97: recipe for target 'cmTC_b78dc' failed
make[1]: *** [cmTC_b78dc] Error 1
make[1]: Leaving directory '/home/neha/Documents/repo/temp/opencv_change_and_save_depth/build/CMakeFiles/CMakeTmp'
Makefile:126: recipe for target 'cmTC_b78dc/fast' failed
make: *** [cmTC_b78dc/fast] Error 2


